app/build/outputs/logs/manifest-merger-debug-report.txt
-- Merging decision tree log ---
manifest
ADDED from src/main/AndroidManifest.xml:2:1-86:12
	package
		ADDED from src/main/AndroidManifest.xml:3:5-42
		INJECTED from src/main/AndroidManifest.xml
		INJECTED from src/main/AndroidManifest.xml
	android:versionName
		ADDED from src/main/AndroidManifest.xml:5:5-30
		INJECTED from src/main/AndroidManifest.xml
		INJECTED from src/main/AndroidManifest.xml
	android:versionCode
		ADDED from src/main/AndroidManifest.xml:4:5-28
		INJECTED from src/main/AndroidManifest.xml
		INJECTED from src/main/AndroidManifest.xml
	xmlns:android
		ADDED from src/main/AndroidManifest.xml:2:11-69
uses-sdk
ADDED from src/main/AndroidManifest.xml:7:5-9:41
	android:targetSdkVersion
		ADDED from src/main/AndroidManifest.xml:9:9-38
		INJECTED from src/main/AndroidManifest.xml
		INJECTED from src/main/AndroidManifest.xml
	android:minSdkVersion
		ADDED from src/main/AndroidManifest.xml:8:9-35
		INJECTED from src/main/AndroidManifest.xml
		INJECTED from src/main/AndroidManifest.xml
android:uses-permission#android.permission.WRITE_EXTERNAL_STORAGE
ADDED from src/main/AndroidManifest.xml:11:5-89
	android:name
		ADDED from src/main/AndroidManifest.xml:11:30-86
android:uses-permission#android.permission.READ_PHONE_STATE
ADDED from src/main/AndroidManifest.xml:12:5-83
	android:name
		ADDED from src/main/AndroidManifest.xml:12:30-80
android:uses-permission#android.permission.READ_EXTERNAL_STORAGE
ADDED from src/main/AndroidManifest.xml:13:5-88
	android:name
		ADDED from src/main/AndroidManifest.xml:13:30-85
application
ADDED from src/main/AndroidManifest.xml:15:5-84:19
	android:label
		ADDED from src/main/AndroidManifest.xml:18:9-41
	android:allowBackup
		ADDED from src/main/AndroidManifest.xml:16:9-35
	android:icon
		ADDED from src/main/AndroidManifest.xml:17:9-45
	android:theme
		ADDED from src/main/AndroidManifest.xml:19:9-40
activity#com.ayubella.mekanikakatrol.Splash
ADDED from src/main/AndroidManifest.xml:20:9-28:20
	android:label
		ADDED from src/main/AndroidManifest.xml:22:13-45
	android:name
		ADDED from src/main/AndroidManifest.xml:21:13-35
intent-filter#android.intent.action.MAIN+android.intent.category.LAUNCHER
ADDED from src/main/AndroidManifest.xml:23:13-27:29
action#android.intent.action.MAIN
ADDED from src/main/AndroidManifest.xml:24:17-69
	android:name
		ADDED from src/main/AndroidManifest.xml:24:25-66
category#android.intent.category.LAUNCHER
ADDED from src/main/AndroidManifest.xml:26:17-77
	android:name
		ADDED from src/main/AndroidManifest.xml:26:27-74
activity#com.ayubella.mekanikakatrol.Kalkulator1
ADDED from src/main/AndroidManifest.xml:29:9-31:48
	android:label
		ADDED from src/main/AndroidManifest.xml:31:13-45
	android:name
		ADDED from src/main/AndroidManifest.xml:30:13-40
activity#com.ayubella.mekanikakatrol.Kalkulator2
ADDED from src/main/AndroidManifest.xml:32:9-34:48
	android:label
		ADDED from src/main/AndroidManifest.xml:34:13-45
	android:name
		ADDED from src/main/AndroidManifest.xml:33:13-40
activity#com.ayubella.mekanikakatrol.Kalkulator3
ADDED from src/main/AndroidManifest.xml:35:9-37:48
	android:label
		ADDED from src/main/AndroidManifest.xml:37:13-45
	android:name
		ADDED from src/main/AndroidManifest.xml:36:13-40
activity#com.ayubella.mekanikakatrol.Rumus
ADDED from src/main/AndroidManifest.xml:38:9-40:48
	android:label
		ADDED from src/main/AndroidManifest.xml:40:13-45
	android:name
		ADDED from src/main/AndroidManifest.xml:39:13-34
activity#com.ayubella.mekanikakatrol.Rumus2
ADDED from src/main/AndroidManifest.xml:41:9-43:48
	android:label
		ADDED from src/main/AndroidManifest.xml:43:13-45
	android:name
		ADDED from src/main/AndroidManifest.xml:42:13-35
activity#com.ayubella.mekanikakatrol.Rumus1
ADDED from src/main/AndroidManifest.xml:44:9-46:48
	android:label
		ADDED from src/main/AndroidManifest.xml:46:13-45
	android:name
		ADDED from src/main/AndroidManifest.xml:45:13-35
activity#com.ayubella.mekanikakatrol.Rumus4
ADDED from src/main/AndroidManifest.xml:47:9-49:48
	android:label
		ADDED from src/main/AndroidManifest.xml:49:13-45
	android:name
		ADDED from src/main/AndroidManifest.xml:48:13-35
activity#com.ayubella.mekanikakatrol.Rumus5
ADDED from src/main/AndroidManifest.xml:50:9-52:48
	android:label
		ADDED from src/main/AndroidManifest.xml:52:13-45
	android:name
		ADDED from src/main/AndroidManifest.xml:51:13-35
activity#com.ayubella.mekanikakatrol.Rumus6
ADDED from src/main/AndroidManifest.xml:53:9-55:48
	android:label
		ADDED from src/main/AndroidManifest.xml:55:13-45
	android:name
		ADDED from src/main/AndroidManifest.xml:54:13-35
activity#com.ayubella.mekanikakatrol.Rumus7
ADDED from src/main/AndroidManifest.xml:56:9-58:48
	android:label
		ADDED from src/main/AndroidManifest.xml:58:13-45
	android:name
		ADDED from src/main/AndroidManifest.xml:57:13-35
activity#com.ayubella.mekanikakatrol.Rumus8
ADDED from src/main/AndroidManifest.xml:59:9-61:48
	android:label
		ADDED from src/main/AndroidManifest.xml:61:13-45
	android:name
		ADDED from src/main/AndroidManifest.xml:60:13-35
activity#com.ayubella.mekanikakatrol.Kalkulator
ADDED from src/main/AndroidManifest.xml:63:9-65:65
	android:label
		ADDED from src/main/AndroidManifest.xml:65:13-62
	android:name
		ADDED from src/main/AndroidManifest.xml:64:13-39
activity#com.ayubella.mekanikakatrol.Rumus3
ADDED from src/main/AndroidManifest.xml:66:9-68:61
	android:label
		ADDED from src/main/AndroidManifest.xml:68:13-58
	android:name
		ADDED from src/main/AndroidManifest.xml:67:13-35
activity#com.ayubella.mekanikakatrol.Rumus9
ADDED from src/main/AndroidManifest.xml:69:9-71:61
	android:label
		ADDED from src/main/AndroidManifest.xml:71:13-58
	android:name
		ADDED from src/main/AndroidManifest.xml:70:13-35
activity#com.ayubella.mekanikakatrol.Rumus10
ADDED from src/main/AndroidManifest.xml:72:9-74:62
	android:label
		ADDED from src/main/AndroidManifest.xml:74:13-59
	android:name
		ADDED from src/main/AndroidManifest.xml:73:13-36
activity#com.ayubella.mekanikakatrol.Rumus11
ADDED from src/main/AndroidManifest.xml:75:9-77:62
	android:label
		ADDED from src/main/AndroidManifest.xml:77:13-59
	android:name
		ADDED from src/main/AndroidManifest.xml:76:13-36
activity#com.ayubella.mekanikakatrol.Rumus12
ADDED from src/main/AndroidManifest.xml:78:9-80:62
	android:label
		ADDED from src/main/AndroidManifest.xml:80:13-59
	android:name
		ADDED from src/main/AndroidManifest.xml:79:13-36
activity#com.ayubella.mekanikakatrol.MainActivity
ADDED from src/main/AndroidManifest.xml:81:9-83:68
	android:label
		ADDED from src/main/AndroidManifest.xml:83:13-56
	android:name
		ADDED from src/main/AndroidManifest.xml:82:13-41